<?xml version="1.0" encoding="UTF-8"?>
<!-- Generated by org.testng.reporters.JUnitReportReporter -->
<testsuite hostname="DESKTOP-A9M7C3K" failures="0" tests="1" name="testng.DependsOnMethod" time="0.000" errors="0" timestamp="2021-08-31T23:04:58 IST" skipped="1">
  <testcase classname="testng.DependsOnMethod" name="holdings" time="0.000">
    <skipped/>
  </testcase> <!-- holdings -->
  <system-out/>
</testsuite> <!-- testng.DependsOnMethod -->
