<?xml version="1.0" encoding="UTF-8"?>
<!-- Generated by org.testng.reporters.JUnitReportReporter -->
<testsuite hostname="DESKTOP-A9M7C3K" failures="0" tests="1" name="testng.Testcase2" time="0.010" errors="0" timestamp="2021-09-01T23:15:28 IST" skipped="0">
  <testcase classname="testng.Testcase2" name="login2" time="0.010"/>
  <system-out>
    <![CDATA[Login2 method]]>
  </system-out>
</testsuite> <!-- testng.Testcase2 -->
