<?xml version="1.0" encoding="UTF-8"?>
<!-- Generated by org.testng.reporters.JUnitReportReporter -->
<testsuite hostname="DESKTOP-A9M7C3K" failures="0" tests="1" name="testcases.SignUpTest" time="0.536" errors="0" timestamp="2021-09-06T23:27:09 IST" skipped="0">
  <testcase classname="testcases.SignUpTest" name="login" time="0.536"/>
  <system-out/>
</testsuite> <!-- testcases.SignUpTest -->
