<?xml version="1.0" encoding="UTF-8"?>
<!-- Generated by org.testng.reporters.JUnitReportReporter -->
<testsuite hostname="DESKTOP-A9M7C3K" failures="0" tests="1" name="testng.AssertEquals" time="29.511" errors="0" timestamp="2021-09-03T22:16:54 IST" skipped="0">
  <testcase classname="testng.AssertEquals" name="login" time="29.511"/>
  <system-out/>
</testsuite> <!-- testng.AssertEquals -->
