<?xml version="1.0" encoding="UTF-8"?>
<!-- Generated by org.testng.reporters.JUnitReportReporter -->
<testsuite hostname="DESKTOP-A9M7C3K" failures="0" tests="2" name="testng.ParallelTesting2" time="20.824" errors="0" timestamp="2021-09-04T23:02:04 IST" skipped="0">
  <testcase classname="testng.ParallelTesting2" name="Chrome" time="8.436"/>
  <system-out/>
  <testcase classname="testng.ParallelTesting2" name="Chrome" time="12.388"/>
  <system-out/>
</testsuite> <!-- testng.ParallelTesting2 -->
