<?xml version="1.0" encoding="UTF-8"?>
<!-- Generated by org.testng.reporters.JUnitReportReporter -->
<testsuite hostname="DESKTOP-A9M7C3K" failures="0" tests="2" name="testng.LoginPageOrange" time="13.152" errors="0" timestamp="2021-09-04T22:43:09 IST" skipped="0">
  <testcase classname="testng.LoginPageOrange" name="login" time="8.741"/>
  <system-out/>
  <testcase classname="testng.LoginPageOrange" name="logout" time="4.411"/>
  <system-out/>
</testsuite> <!-- testng.LoginPageOrange -->
