<?xml version="1.0" encoding="UTF-8"?>
<!-- Generated by org.testng.reporters.JUnitReportReporter -->
<testsuite hostname="DESKTOP-A9M7C3K" failures="0" tests="6" name="testng.GroupsOfTestCases" time="0.020" errors="0" timestamp="2021-09-01T23:25:06 IST" skipped="0">
  <testcase classname="testng.GroupsOfTestCases" name="logout" time="0.002"/>
  <system-out/>
  <testcase classname="testng.GroupsOfTestCases" name="buy" time="0.009"/>
  <system-out/>
  <testcase classname="testng.GroupsOfTestCases" name="login" time="0.002"/>
  <system-out/>
  <testcase classname="testng.GroupsOfTestCases" name="navToApp" time="0.003"/>
  <system-out/>
  <testcase classname="testng.GroupsOfTestCases" name="profile" time="0.002"/>
  <system-out/>
  <testcase classname="testng.GroupsOfTestCases" name="dashboard" time="0.002"/>
  <system-out/>
</testsuite> <!-- testng.GroupsOfTestCases -->
