<?xml version="1.0" encoding="UTF-8"?>
<!-- Generated by org.testng.reporters.JUnitReportReporter -->
<testsuite hostname="DESKTOP-A9M7C3K" failures="0" tests="1" name="testng.ParallelTesting" time="12.518" errors="0" timestamp="2021-09-03T13:02:22 IST" skipped="0">
  <testcase classname="testng.ParallelTesting" name="FaceBook" time="12.518"/>
  <system-out/>
</testsuite> <!-- testng.ParallelTesting -->
