<?xml version="1.0" encoding="UTF-8"?>
<!-- Generated by org.testng.reporters.JUnitReportReporter -->
<testsuite hostname="DESKTOP-A9M7C3K" failures="0" tests="2" name="testng.ParametersUsage" time="13.645" errors="0" timestamp="2021-09-03T11:54:19 IST" skipped="0">
  <testcase classname="testng.ParametersUsage" name="browserSelection" time="13.642"/>
  <system-out/>
  <testcase classname="testng.ParametersUsage" name="buildinfo" time="0.003"/>
  <system-out/>
</testsuite> <!-- testng.ParametersUsage -->
