<?xml version="1.0" encoding="UTF-8"?>
<!-- Generated by org.testng.reporters.JUnitReportReporter -->
<testsuite hostname="DESKTOP-A9M7C3K" failures="0" tests="6" name="testng.Testcase1" time="0.042" errors="0" timestamp="2021-08-31T22:23:10 IST" skipped="1">
  <testcase classname="testng.Testcase1" name="m1" time="0.005"/>
  <system-out/>
  <testcase classname="testng.Testcase1" name="m1" time="0.006"/>
  <system-out/>
  <testcase classname="testng.Testcase1" name="m1" time="0.008"/>
  <system-out/>
  <testcase classname="testng.Testcase1" name="m1" time="0.016"/>
  <system-out/>
  <testcase classname="testng.Testcase1" name="m1" time="0.007"/>
  <system-out/>
  <testcase classname="testng.Testcase1" name="m2">
    <skipped/>
  </testcase> <!-- m2 -->
  <system-out/>
</testsuite> <!-- testng.Testcase1 -->
