<?xml version="1.0" encoding="UTF-8"?>
<!-- Generated by org.testng.reporters.JUnitReportReporter -->
<testsuite hostname="DESKTOP-A9M7C3K" failures="0" tests="1" name="testcases.LoginTest2" time="2.062" errors="0" timestamp="2021-09-06T23:09:49 IST" skipped="0">
  <testcase classname="testcases.LoginTest2" name="login" time="2.062"/>
  <system-out/>
</testsuite> <!-- testcases.LoginTest2 -->
