<?xml version="1.0" encoding="UTF-8"?>
<!-- Generated by org.testng.reporters.JUnitReportReporter -->
<testsuite hostname="DESKTOP-A9M7C3K" failures="0" tests="3" name="testng.DemoProgram" time="0.006" errors="0" timestamp="2021-08-31T22:23:10 IST" skipped="0">
  <testcase classname="testng.DemoProgram" name="login" time="0.002"/>
  <system-out/>
  <testcase classname="testng.DemoProgram" name="admin" time="0.002"/>
  <system-out/>
  <testcase classname="testng.DemoProgram" name="dashBoard" time="0.002"/>
  <system-out/>
</testsuite> <!-- testng.DemoProgram -->
